Flow report for add_sub
Wed Dec 25 22:51:12 2019
Quartus II 64-Bit Version 13.0.1 Build 232 06/12/2013 Service Pack 1 SJ Web Edition


---------------------
; Table of Contents ;
---------------------
  1. Legal Notice
  2. Flow Summary
  3. Flow Settings
  4. Flow Non-Default Global Settings
  5. Flow Elapsed Time
  6. Flow OS Summary
  7. Flow Log
  8. Flow Messages
  9. Flow Suppressed Messages



----------------
; Legal Notice ;
----------------
Copyright (C) 1991-2013 Altera Corporation
Your use of Altera Corporation's design tools, logic functions 
and other software and tools, and its AMPP partner logic 
functions, and any output files from any of the foregoing 
(including device programming or simulation files), and any 
associated documentation or information are expressly subject 
to the terms and conditions of the Altera Program License 
Subscription Agreement, Altera MegaCore Function License 
Agreement, or other applicable license agreement, including, 
without limitation, that your use is for the sole purpose of 
programming logic devices manufactured by Altera and sold by 
Altera or its authorized distributors.  Please refer to the 
applicable agreement for further details.



+--------------------------------------------------------------------------------------+
; Flow Summary                                                                         ;
+------------------------------------+-------------------------------------------------+
; Flow Status                        ; Successful - Wed Dec 25 22:51:04 2019           ;
; Quartus II 64-Bit Version          ; 13.0.1 Build 232 06/12/2013 SP 1 SJ Web Edition ;
; Revision Name                      ; add_sub                                         ;
; Top-level Entity Name              ; Block1                                          ;
; Family                             ; Cyclone II                                      ;
; Device                             ; EP2C35F672C6                                    ;
; Timing Models                      ; Final                                           ;
; Total logic elements               ; 19 / 33,216 ( < 1 % )                           ;
;     Total combinational functions  ; 19 / 33,216 ( < 1 % )                           ;
;     Dedicated logic registers      ; 8 / 33,216 ( < 1 % )                            ;
; Total registers                    ; 8                                               ;
; Total pins                         ; 4 / 475 ( < 1 % )                               ;
; Total virtual pins                 ; 0                                               ;
; Total memory bits                  ; 0 / 483,840 ( 0 % )                             ;
; Embedded Multiplier 9-bit elements ; 0 / 70 ( 0 % )                                  ;
; Total PLLs                         ; 0 / 4 ( 0 % )                                   ;
+------------------------------------+-------------------------------------------------+


+-----------------------------------------+
; Flow Settings                           ;
+-------------------+---------------------+
; Option            ; Setting             ;
+-------------------+---------------------+
; Start date & time ; 12/25/2019 22:49:46 ;
; Main task         ; Compilation         ;
; Revision Name     ; add_sub             ;
+-------------------+---------------------+


+------------------------------------------------------------------------------------------------------------------+
; Flow Non-Default Global Settings                                                                                 ;
+-------------------------------------+---------------------------------+---------------+-------------+------------+
; Assignment Name                     ; Value                           ; Default Value ; Entity Name ; Section Id ;
+-------------------------------------+---------------------------------+---------------+-------------+------------+
; COMPILER_SIGNATURE_ID               ; 273406405029048.157730698601653 ; --            ; --          ; --         ;
; IP_TOOL_NAME                        ; LPM_MUX                         ; --            ; --          ; --         ;
; IP_TOOL_NAME                        ; LPM_ADD_SUB                     ; --            ; --          ; --         ;
; IP_TOOL_NAME                        ; LPM_MUX                         ; --            ; --          ; --         ;
; IP_TOOL_NAME                        ; LPM_MUX                         ; --            ; --          ; --         ;
; IP_TOOL_NAME                        ; LPM_ADD_SUB                     ; --            ; --          ; --         ;
; IP_TOOL_NAME                        ; LPM_ADD_SUB                     ; --            ; --          ; --         ;
; IP_TOOL_NAME                        ; LPM_ADD_SUB                     ; --            ; --          ; --         ;
; IP_TOOL_NAME                        ; LPM_COMPARE                     ; --            ; --          ; --         ;
; IP_TOOL_NAME                        ; LPM_MUX                         ; --            ; --          ; --         ;
; IP_TOOL_NAME                        ; LPM_COMPARE                     ; --            ; --          ; --         ;
; IP_TOOL_NAME                        ; LPM_COMPARE                     ; --            ; --          ; --         ;
; IP_TOOL_NAME                        ; ALTPLL                          ; --            ; --          ; --         ;
; IP_TOOL_NAME                        ; LPM_ADD_SUB                     ; --            ; --          ; --         ;
; IP_TOOL_VERSION                     ; 13.0                            ; --            ; --          ; --         ;
; IP_TOOL_VERSION                     ; 13.0                            ; --            ; --          ; --         ;
; IP_TOOL_VERSION                     ; 13.0                            ; --            ; --          ; --         ;
; IP_TOOL_VERSION                     ; 13.0                            ; --            ; --          ; --         ;
; IP_TOOL_VERSION                     ; 13.0                            ; --            ; --          ; --         ;
; IP_TOOL_VERSION                     ; 13.0                            ; --            ; --          ; --         ;
; IP_TOOL_VERSION                     ; 13.0                            ; --            ; --          ; --         ;
; IP_TOOL_VERSION                     ; 13.0                            ; --            ; --          ; --         ;
; IP_TOOL_VERSION                     ; 13.0                            ; --            ; --          ; --         ;
; IP_TOOL_VERSION                     ; 13.0                            ; --            ; --          ; --         ;
; IP_TOOL_VERSION                     ; 13.0                            ; --            ; --          ; --         ;
; IP_TOOL_VERSION                     ; 13.0                            ; --            ; --          ; --         ;
; IP_TOOL_VERSION                     ; 13.0                            ; --            ; --          ; --         ;
; MAX_CORE_JUNCTION_TEMP              ; 85                              ; --            ; --          ; --         ;
; MIN_CORE_JUNCTION_TEMP              ; 0                               ; --            ; --          ; --         ;
; MISC_FILE                           ; ../src/mux_choice.bsf           ; --            ; --          ; --         ;
; MISC_FILE                           ; ../src/mux_choice_bb.v          ; --            ; --          ; --         ;
; MISC_FILE                           ; ../src/pc_add.bsf               ; --            ; --          ; --         ;
; MISC_FILE                           ; ../src/pc_add_bb.v              ; --            ; --          ; --         ;
; MISC_FILE                           ; ../src/mux_2.bsf                ; --            ; --          ; --         ;
; MISC_FILE                           ; ../src/mux_2_bb.v               ; --            ; --          ; --         ;
; MISC_FILE                           ; ../src/mux_2_5.bsf              ; --            ; --          ; --         ;
; MISC_FILE                           ; ../src/mux_2_5_bb.v             ; --            ; --          ; --         ;
; MISC_FILE                           ; ../src/add_mega.bsf             ; --            ; --          ; --         ;
; MISC_FILE                           ; ../src/add_mega_bb.v            ; --            ; --          ; --         ;
; MISC_FILE                           ; ../src/add_j.bsf                ; --            ; --          ; --         ;
; MISC_FILE                           ; ../src/add_j_bb.v               ; --            ; --          ; --         ;
; MISC_FILE                           ; adder_pc.bsf                    ; --            ; --          ; --         ;
; MISC_FILE                           ; adder_pc_bb.v                   ; --            ; --          ; --         ;
; MISC_FILE                           ; gpioo_compere.bsf               ; --            ; --          ; --         ;
; MISC_FILE                           ; gpioo_compere_bb.v              ; --            ; --          ; --         ;
; MISC_FILE                           ; data_out_mux.bsf                ; --            ; --          ; --         ;
; MISC_FILE                           ; data_out_mux_bb.v               ; --            ; --          ; --         ;
; MISC_FILE                           ; gpio_compere.bsf                ; --            ; --          ; --         ;
; MISC_FILE                           ; gpio_compere_bb.v               ; --            ; --          ; --         ;
; MISC_FILE                           ; gpio_compere_store.bsf          ; --            ; --          ; --         ;
; MISC_FILE                           ; gpio_compere_store_bb.v         ; --            ; --          ; --         ;
; MISC_FILE                           ; my_pll.bsf                      ; --            ; --          ; --         ;
; MISC_FILE                           ; my_pll_bb.v                     ; --            ; --          ; --         ;
; MISC_FILE                           ; my_pll.ppf                      ; --            ; --          ; --         ;
; MISC_FILE                           ; sub_for_year.bsf                ; --            ; --          ; --         ;
; MISC_FILE                           ; sub_for_year_bb.v               ; --            ; --          ; --         ;
; PARTITION_COLOR                     ; 16764057                        ; --            ; Block1      ; Top        ;
; PARTITION_FITTER_PRESERVATION_LEVEL ; PLACEMENT_AND_ROUTING           ; --            ; Block1      ; Top        ;
; PARTITION_NETLIST_TYPE              ; SOURCE                          ; --            ; Block1      ; Top        ;
; PROJECT_OUTPUT_DIRECTORY            ; output_files                    ; --            ; --          ; --         ;
; TOP_LEVEL_ENTITY                    ; Block1                          ; add_sub       ; --          ; --         ;
+-------------------------------------+---------------------------------+---------------+-------------+------------+


+-------------------------------------------------------------------------------------------------------------------------------+
; Flow Elapsed Time                                                                                                             ;
+---------------------------+--------------+-------------------------+---------------------+------------------------------------+
; Module Name               ; Elapsed Time ; Average Processors Used ; Peak Virtual Memory ; Total CPU Time (on all processors) ;
+---------------------------+--------------+-------------------------+---------------------+------------------------------------+
; Analysis & Synthesis      ; 00:00:28     ; 1.0                     ; 606 MB              ; 00:00:24                           ;
; Fitter                    ; 00:00:28     ; 1.0                     ; 721 MB              ; 00:00:24                           ;
; Assembler                 ; 00:00:11     ; 1.0                     ; 531 MB              ; 00:00:10                           ;
; TimeQuest Timing Analyzer ; 00:00:03     ; 1.0                     ; 488 MB              ; 00:00:03                           ;
; Total                     ; 00:01:10     ; --                      ; --                  ; 00:01:01                           ;
+---------------------------+--------------+-------------------------+---------------------+------------------------------------+


+-----------------------------------------------------------------------------------------------+
; Flow OS Summary                                                                               ;
+---------------------------+------------------+---------------+---------------+----------------+
; Module Name               ; Machine Hostname ; OS Name       ; OS Version    ; Processor type ;
+---------------------------+------------------+---------------+---------------+----------------+
; Analysis & Synthesis      ; laviss           ; Manjaro Linux ; Manjaro Linux ; x86_64         ;
; Fitter                    ; laviss           ; Manjaro Linux ; Manjaro Linux ; x86_64         ;
; Assembler                 ; laviss           ; Manjaro Linux ; Manjaro Linux ; x86_64         ;
; TimeQuest Timing Analyzer ; laviss           ; Manjaro Linux ; Manjaro Linux ; x86_64         ;
+---------------------------+------------------+---------------+---------------+----------------+


------------
; Flow Log ;
------------
quartus_map --read_settings_files=on --write_settings_files=off add_sub -c add_sub
quartus_fit --read_settings_files=off --write_settings_files=off add_sub -c add_sub
quartus_asm --read_settings_files=off --write_settings_files=off add_sub -c add_sub
quartus_sta add_sub -c add_sub



